<?xml version="1.0" encoding="UTF-8"?>
<!-- Generated by org.testng.reporters.JUnitReportReporter -->
<testsuite hostname="vj" name="testNG.Testn" tests="1" failures="0" timestamp="15 Jul 2017 23:50:30 GMT" time="4.167" errors="0">
  <testcase name="LogIn" time="4.167" classname="testNG.Testn"/>
</testsuite> <!-- testNG.Testn -->
