<?xml version="1.0" encoding="UTF-8"?>
<!-- Generated by org.testng.reporters.JUnitReportReporter -->
<testsuite hostname="vj" name="grid.FacebookTesting" tests="2" failures="0" timestamp="8 Aug 2017 01:08:03 GMT" time="33.030" errors="0">
  <testcase name="gridTest" time="23.209" classname="grid.FacebookTesting"/>
  <testcase name="gridTest" time="9.821" classname="grid.FacebookTesting"/>
</testsuite> <!-- grid.FacebookTesting -->
