<?xml version="1.0" encoding="UTF-8"?>
<!-- Generated by org.testng.reporters.JUnitReportReporter -->
<testsuite hostname="vj" name="testNG.Dbtesting" tests="1" failures="0" timestamp="9 Sep 2017 00:05:37 GMT" time="6.523" errors="0">
  <testcase name="dbTest" time="6.523" classname="testNG.Dbtesting"/>
</testsuite> <!-- testNG.Dbtesting -->
