<?xml version="1.0" encoding="UTF-8"?>
<!-- Generated by org.testng.reporters.JUnitReportReporter -->
<testsuite hostname="vj" name="testNG.GRID" tests="2" failures="0" timestamp="8 Aug 2017 01:06:46 GMT" time="28.198" errors="0">
  <testcase name="FaceBookingApplLaunch" time="9.104" classname="testNG.GRID"/>
  <testcase name="FaceBookingApplLaunch" time="19.094" classname="testNG.GRID"/>
</testsuite> <!-- testNG.GRID -->
