<?xml version="1.0" encoding="UTF-8"?>
<!-- Generated by org.testng.reporters.JUnitReportReporter -->
<testsuite hostname="vj" name="practice.ActionLink" tests="1" failures="0" timestamp="22 Aug 2017 21:15:53 GMT" time="1.539" errors="0">
  <testcase name="RunTest" time="1.539" classname="practice.ActionLink"/>
</testsuite> <!-- practice.ActionLink -->
