<?xml version="1.0" encoding="UTF-8"?>
<!-- Generated by org.testng.reporters.JUnitReportReporter -->
<testsuite hostname="vj" name="practice.ActionLink" tests="1" failures="0" timestamp="25 Aug 2017 19:11:31 GMT" time="0.540" errors="0">
  <testcase name="RunTest" time="0.540" classname="practice.ActionLink"/>
</testsuite> <!-- practice.ActionLink -->
