<?xml version="1.0" encoding="UTF-8"?>
<!-- Generated by org.testng.reporters.JUnitReportReporter -->
<testsuite hostname="vj" name="testNG.ActionLink2" tests="1" failures="0" timestamp="21 Jul 2017 22:17:42 GMT" time="0.548" errors="0">
  <testcase name="test" time="0.548" classname="testNG.ActionLink2"/>
</testsuite> <!-- testNG.ActionLink2 -->
