<?xml version="1.0" encoding="UTF-8"?>
<!-- Generated by org.testng.reporters.JUnitReportReporter -->
<testsuite hostname="vj" name="webAppTesting.AlertTab" tests="1" failures="0" timestamp="21 Jul 2017 17:40:17 GMT" time="11.302" errors="0">
  <testcase name="main" time="11.302" classname="webAppTesting.AlertTab"/>
</testsuite> <!-- webAppTesting.AlertTab -->
