<?xml version="1.0" encoding="UTF-8"?>
<!-- Generated by org.testng.reporters.JUnitReportReporter -->
<testsuite hostname="vj" name="grid.Automation" tests="1" failures="0" timestamp="17 Aug 2017 23:51:24 GMT" time="42.963" errors="0">
  <testcase name="HomePageTest" time="42.963" classname="grid.Automation"/>
</testsuite> <!-- grid.Automation -->
