<?xml version="1.0" encoding="UTF-8"?>
<!-- Generated by org.testng.reporters.JUnitReportReporter -->
<testsuite hostname="vj" name="testNG.YouTube" tests="1" failures="0" timestamp="17 Aug 2017 22:33:03 GMT" time="2.858" errors="0">
  <testcase name="Application" time="2.858" classname="testNG.YouTube"/>
</testsuite> <!-- testNG.YouTube -->
