<?xml version="1.0" encoding="UTF-8"?>
<!-- Generated by org.testng.reporters.JUnitReportReporter -->
<testsuite hostname="vj" name="practice.TestAll" tests="1" failures="0" timestamp="26 Aug 2017 01:17:04 GMT" time="5.842" errors="0">
  <testcase name="main" time="5.842" classname="practice.TestAll"/>
</testsuite> <!-- practice.TestAll -->
