<?xml version="1.0" encoding="UTF-8"?>
<!-- Generated by org.testng.reporters.JUnitReportReporter -->
<testsuite hostname="vj" name="testNG.TestNG" tests="1" failures="0" timestamp="21 Jul 2017 17:40:17 GMT" time="30.435" errors="0">
  <testcase name="LogIn" time="30.435" classname="testNG.TestNG"/>
</testsuite> <!-- testNG.TestNG -->
