<?xml version="1.0" encoding="UTF-8"?>
<!-- Generated by org.testng.reporters.JUnitReportReporter -->
<testsuite hostname="vj" name="webAppTesting.ActionLink" tests="1" failures="0" timestamp="27 Jul 2017 23:19:08 GMT" time="12.731" errors="0">
  <testcase name="application" time="12.731" classname="webAppTesting.ActionLink"/>
</testsuite> <!-- webAppTesting.ActionLink -->
