<?xml version="1.0" encoding="UTF-8"?>
<!-- Generated by org.testng.reporters.JUnitReportReporter -->
<testsuite hostname="vj" name="practice.Yahoo" tests="1" failures="0" timestamp="7 Sep 2017 19:50:36 GMT" time="29.655" errors="0">
  <testcase name="Appilcation" time="29.655" classname="practice.Yahoo"/>
</testsuite> <!-- practice.Yahoo -->
